<?xml version="1.0" encoding="UTF-8"?>
<!-- Generated by org.testng.reporters.JUnitReportReporter -->
<testsuite hostname="DESKTOP-QGRJC6G" failures="0" tests="12" name="com.test.TestNGClass" time="86.145" errors="0" timestamp="2022-10-11T09:26:19 IST" skipped="0">
  <testcase classname="com.test.TestNGClass" name="closelogin" time="3.152"/>
  <system-out/>
  <testcase classname="com.test.TestNGClass" name="closelogin" time="3.323"/>
  <system-out/>
  <testcase classname="com.test.TestNGClass" name="mobile" time="9.589"/>
  <system-out/>
  <testcase classname="com.test.TestNGClass" name="mobile" time="9.337"/>
  <system-out/>
  <testcase classname="com.test.TestNGClass" name="ScrollBar" time="0.018"/>
  <system-out/>
  <testcase classname="com.test.TestNGClass" name="ScrollBar" time="0.021"/>
  <system-out/>
  <testcase classname="com.test.TestNGClass" name="scroll" time="10.077"/>
  <system-out/>
  <testcase classname="com.test.TestNGClass" name="scroll" time="10.050"/>
  <system-out/>
  <testcase classname="com.test.TestNGClass" name="scrolltoProduct" time="5.056"/>
  <system-out/>
  <testcase classname="com.test.TestNGClass" name="scrolltoProduct" time="5.047"/>
  <system-out/>
  <testcase classname="com.test.TestNGClass" name="loadImage" time="15.472"/>
  <system-out/>
  <testcase classname="com.test.TestNGClass" name="loadImage" time="15.003"/>
  <system-out/>
</testsuite> <!-- com.test.TestNGClass -->
