<?xml version="1.0" encoding="UTF-8"?>
<!-- Generated by org.testng.reporters.JUnitReportReporter -->
<testsuite hostname="DESKTOP-QGRJC6G" failures="0" tests="3" name="com.test.Testing" time="93.149" errors="0" timestamp="2022-09-30T09:58:09 IST" skipped="0">
  <testcase classname="com.test.Testing" name="register" time="39.652"/>
  <system-out/>
  <testcase classname="com.test.Testing" name="login" time="22.213"/>
  <system-out/>
  <testcase classname="com.test.Testing" name="addToCart" time="31.284"/>
  <system-out/>
</testsuite> <!-- com.test.Testing -->
